<?xml version="1.0" encoding="UTF-8"?>
<testng-results skipped="0" failed="0" ignored="0" total="1" passed="1">
  <reporter-output>
  </reporter-output>
  <suite name="Default suite" duration-ms="16535" started-at="2019-09-25T11:27:48 IST" finished-at="2019-09-25T11:28:04 IST">
    <groups>
    </groups>
    <test name="Default test" duration-ms="16535" started-at="2019-09-25T11:27:48 IST" finished-at="2019-09-25T11:28:04 IST">
      <class name="pompagefactory.testpagefactory">
        <test-method status="PASS" signature="f()[pri:0, instance:pompagefactory.testpagefactory@551aa95a]" name="f" duration-ms="16457" started-at="2019-09-25T11:27:48 IST" finished-at="2019-09-25T11:28:04 IST">
          <reporter-output>
          </reporter-output>
        </test-method> <!-- f -->
      </class> <!-- pompagefactory.testpagefactory -->
    </test> <!-- Default test -->
  </suite> <!-- Default suite -->
</testng-results>
